<?xml version="1.0" encoding="UTF-8"?>
<!-- Generated by org.testng.reporters.JUnitReportReporter -->
<testsuite skipped="0" hostname="KrishnaComputer" name="Assignment.Assignment1" tests="1" failures="0" timestamp="23 Jun 2021 10:05:39 GMT" time="5.206" errors="0">
  <testcase name="f" time="5.206" classname="Assignment.Assignment1"/>
</testsuite> <!-- Assignment.Assignment1 -->
